<?xml version="1.0" encoding="UTF-8"?>
<testng-results skipped="0" failed="0" total="1" passed="1">
  <reporter-output>
  </reporter-output>
  <suite name="Default suite" duration-ms="16386" started-at="2017-11-08T19:24:57Z" finished-at="2017-11-08T19:25:13Z">
    <groups>
    </groups>
    <test name="Default test" duration-ms="16386" started-at="2017-11-08T19:24:57Z" finished-at="2017-11-08T19:25:13Z">
      <class name="practicesession.dro">
        <test-method status="PASS" signature="dropdown()[pri:0, instance:practicesession.dro@523884b2]" name="dropdown" duration-ms="16365" started-at="2017-11-08T13:24:57Z" finished-at="2017-11-08T13:25:13Z">
          <reporter-output>
          </reporter-output>
        </test-method> <!-- dropdown -->
      </class> <!-- practicesession.dro -->
    </test> <!-- Default test -->
  </suite> <!-- Default suite -->
</testng-results>
